{
  "_respondedRef": {
    "responded": false
  },
  "_turnState": {
    "turn": {
      "locale": "en-US"
    }
  },
  "_onSendActivities": [],
  "_onUpdateActivity": [],
  "_onDeleteActivity": [],
  "_turn": "turn",
  "_locale": "locale",
  "bufferedReplyActivities": [],
  "_adapter": {
    "middleware": {
      "middleware": [
        null
      ]
    },
    "settings": {
      "appId": "7c4787b6-a963-4486-8105-ef8dd6d2479d",
      "appPassword": "_db8Q~-NyqLynzpUC1oF42N-pDIAjWY1kUKJSc6n"
    },
    "credentials": {
      "refreshingToken": null,
      "appId": "7c4787b6-a963-4486-8105-ef8dd6d2479d",
      "_tenant": "botframework.com",
      "_oAuthEndpoint": "https://login.microsoftonline.com/botframework.com",
      "authenticationContext": {
        "_authority": {
          "_log": null,
          "_url": {
            "protocol": "https:",
            "slashes": true,
            "auth": null,
            "host": "login.microsoftonline.com",
            "port": null,
            "hostname": "login.microsoftonline.com",
            "hash": null,
            "search": null,
            "query": null,
            "pathname": "/botframework.com",
            "path": "/botframework.com",
            "href": "https://login.microsoftonline.com/botframework.com"
          },
          "_validated": false,
          "_host": "login.microsoftonline.com",
          "_tenant": "botframework.com",
          "_authorizationEndpoint": null,
          "_tokenEndpoint": null,
          "_deviceCodeEndpoint": null,
          "_isAdfsAuthority": false,
          "aadApiVersion": "1.5"
        },
        "_oauth2client": null,
        "_correlationId": null,
        "_callContext": {
          "options": {}
        },
        "_cache": {
          "_entries": []
        },
        "_tokenRequestWithUserCode": {}
      },
      "_oAuthScope": "https://api.botframework.com",
      "tokenCacheKey": "7c4787b6-a963-4486-8105-ef8dd6d2479dhttps://api.botframework.com-cache",
      "appPassword": "_db8Q~-NyqLynzpUC1oF42N-pDIAjWY1kUKJSc6n"
    },
    "credentialsProvider": {
      "appId": "7c4787b6-a963-4486-8105-ef8dd6d2479d",
      "appPassword": "_db8Q~-NyqLynzpUC1oF42N-pDIAjWY1kUKJSc6n"
    },
    "isEmulatingOAuthCards": false,
    "authConfiguration": {
      "requiredEndorsements": []
    }
  },
  "_activity": {
    "name": "tab/fetch",
    "type": "invoke",
    "timestamp": "2022-08-04T07:14:44.612Z",
    "localTimestamp": "2022-08-04T07:14:44.612Z",
    "id": "f:b13b3e96-e399-c308-69e0-b3c0cba18bf9",
    "channelId": "msteams",
    "serviceUrl": "https://smba.trafficmanager.net/amer/",
    "from": {
      "id": "29:1kA70lko0omlG82UshStbT7vs7zUWLvuY8qUOazHzI0PFvzzf_XDuSSZcH_kizizDoINul3VU_G6r9aNaHQJTkw",
      "name": "Kun Huang",
      "aadObjectId": "293e2e1f-8167-44bf-b03f-74a48abf4ad3"
    },
    "conversation": {
      "tenantId": "72f988bf-86f1-41af-91ab-2d7cd011db47",
      "id": "tab:af6970fe124e92bb912740286e140bce5aadce00cfcb6502d12a9da86b1604cb"
    },
    "recipient": {
      "id": "28:7c4787b6-a963-4486-8105-ef8dd6d2479d",
      "name": "hk-todoBot"
    },
    "entities": [
      {
        "locale": "en-US",
        "country": "US",
        "platform": "Web",
        "timezone": "Asia/Singapore",
        "type": "clientInfo"
      }
    ],
    "channelData": {
      "tenant": {
        "id": "72f988bf-86f1-41af-91ab-2d7cd011db47"
      },
      "source": {
        "name": "message"
      }
    },
    "value": {
      "tabContext": {
        "tabEntityId": "MyTab"
      }
    },
    "locale": "en-US",
    "localTimezone": "Asia/Singapore",
    "rawTimestamp": "2022-08-04T07:14:44.612Z",
    "rawLocalTimestamp": "2022-08-04T15:14:44.612+08:00",
    "callerId": "urn:botframework:azure"
  }
}